This file contains any messages produced by compilers while
running configure, to aid debugging if configure makes a mistake.

It was created by GNU dap configure 3.10, which was
generated by GNU Autoconf 2.71.  Invocation command line was

  $ ./configure

## --------- ##
## Platform. ##
## --------- ##

hostname = Seths-iMac.local
uname -m = arm64
uname -r = 22.4.0
uname -s = Darwin
uname -v = Darwin Kernel Version 22.4.0: Mon Mar  6 21:00:41 PST 2023; root:xnu-8796.101.5~3/RELEASE_ARM64_T8103

/usr/bin/uname -p = arm
/bin/uname -X     = unknown

/bin/arch              = unknown
/usr/bin/arch -k       = unknown
/usr/convex/getsysinfo = unknown
/usr/bin/hostinfo      = Mach kernel version:
	 Darwin Kernel Version 22.4.0: Mon Mar  6 21:00:41 PST 2023; root:xnu-8796.101.5~3/RELEASE_ARM64_T8103
Kernel configured for up to 8 processors.
8 processors are physically available.
8 processors are logically available.
Processor type: arm64e (ARM64E)
Processors active: 0 1 2 3 4 5 6 7
Primary memory available: 8.00 gigabytes
Default processor set: 338 tasks, 2422 threads, 8 processors
Load average: 1.48, Mach factor: 6.51
/bin/machine           = unknown
/usr/bin/oslevel       = unknown
/bin/universe          = unknown

PATH: /Users/sethtrojacek/perl5/bin/
PATH: /opt/homebrew/Cellar/llvm@12/12.0.1_1/bin/
PATH: /opt/homebrew/bin/
PATH: /opt/homebrew/opt/qt@5/bin/
PATH: /opt/local/bin/
PATH: /opt/local/sbin/
PATH: /usr/local/bin/
PATH: /System/Cryptexes/App/usr/bin/
PATH: /usr/bin/
PATH: /bin/
PATH: /usr/sbin/
PATH: /sbin/
PATH: /Library/TeX/texbin/
PATH: /opt/X11/bin/
PATH: /Library/Apple/usr/bin/
PATH: /var/run/com.apple.security.cryptexd/codex.system/bootstrap/usr/local/bin/
PATH: /var/run/com.apple.security.cryptexd/codex.system/bootstrap/usr/bin/
PATH: /var/run/com.apple.security.cryptexd/codex.system/bootstrap/usr/appleinternal/bin/
PATH: /Users/sethtrojacek/perl5/bin/
PATH: /opt/homebrew/Cellar/llvm@12/12.0.1_1/bin/
PATH: /opt/homebrew/bin/
PATH: /opt/homebrew/opt/qt@5/bin/
PATH: /opt/local/bin/
PATH: /opt/local/sbin/


## ----------- ##
## Core tests. ##
## ----------- ##

configure:2814: looking for aux files: compile config.guess config.sub ltmain.sh missing install-sh
configure:2827:  trying ./build-aux/
configure:2856:   ./build-aux/compile found
configure:2856:   ./build-aux/config.guess found
configure:2856:   ./build-aux/config.sub found
configure:2856:   ./build-aux/ltmain.sh found
configure:2856:   ./build-aux/missing found
configure:2838:   ./build-aux/install-sh found
configure:2987: checking for a BSD-compatible install
configure:3060: result: /opt/homebrew/bin/ginstall -c
configure:3071: checking whether build environment is sane
configure:3126: result: yes
configure:3285: checking for a race-free mkdir -p
configure:3329: result: /opt/homebrew/bin/gmkdir -p
configure:3336: checking for gawk
configure:3371: result: no
configure:3336: checking for mawk
configure:3371: result: no
configure:3336: checking for nawk
configure:3371: result: no
configure:3336: checking for awk
configure:3357: found /usr/bin/awk
configure:3368: result: awk
configure:3379: checking whether make sets $(MAKE)
configure:3402: result: yes
configure:3432: checking whether make supports nested variables
configure:3450: result: yes
configure:3659: checking for g++
configure:3680: found /usr/bin/g++
configure:3691: result: g++
configure:3718: checking for C++ compiler version
configure:3727: g++ --version >&5
Apple clang version 14.0.3 (clang-1403.0.22.14.1)
Target: arm64-apple-darwin22.4.0
Thread model: posix
InstalledDir: /Library/Developer/CommandLineTools/usr/bin
configure:3738: $? = 0
configure:3727: g++ -v >&5
Apple clang version 14.0.3 (clang-1403.0.22.14.1)
Target: arm64-apple-darwin22.4.0
Thread model: posix
InstalledDir: /Library/Developer/CommandLineTools/usr/bin
configure:3738: $? = 0
configure:3727: g++ -V >&5
clang: error: argument to '-V' is missing (expected 1 value)
clang: error: no input files
configure:3738: $? = 1
configure:3727: g++ -qversion >&5
clang: error: unknown argument '-qversion'; did you mean '--version'?
clang: error: no input files
configure:3738: $? = 1
configure:3758: checking whether the C++ compiler works
configure:3780: g++    conftest.cpp  >&5
configure:3784: $? = 0
configure:3834: result: yes
configure:3837: checking for C++ compiler default output file name
configure:3839: result: a.out
configure:3845: checking for suffix of executables
configure:3852: g++ -o conftest    conftest.cpp  >&5
configure:3856: $? = 0
configure:3879: result: 
configure:3901: checking whether we are cross compiling
configure:3909: g++ -o conftest    conftest.cpp  >&5
configure:3913: $? = 0
configure:3920: ./conftest
configure:3924: $? = 0
configure:3939: result: no
configure:3944: checking for suffix of object files
configure:3967: g++ -c   conftest.cpp >&5
configure:3971: $? = 0
configure:3993: result: o
configure:3997: checking whether the compiler supports GNU C++
configure:4017: g++ -c   conftest.cpp >&5
configure:4017: $? = 0
configure:4027: result: yes
configure:4038: checking whether g++ accepts -g
configure:4059: g++ -c -g  conftest.cpp >&5
configure:4059: $? = 0
configure:4103: result: yes
configure:4123: checking for g++ option to enable C++11 features
configure:4138: g++  -c -g -O2  conftest.cpp >&5
conftest.cpp:57:3: error: "Compiler does not advertise C++11 conformance"
# error "Compiler does not advertise C++11 conformance"
  ^
conftest.cpp:62:3: error: unknown type name 'constexpr'
  constexpr int get_val() { return 20; }
  ^
conftest.cpp:74:17: error: delegating constructors are permitted only in C++11
    delegate(): delegate(2354) {}
                ^~~~~~~~
conftest.cpp:85:26: warning: 'override' keyword is a C++11 extension [-Wc++11-extensions]
    virtual int getval() override final { return this->n * 2; }
                         ^
conftest.cpp:85:35: warning: 'final' keyword is a C++11 extension [-Wc++11-extensions]
    virtual int getval() override final { return this->n * 2; }
                                  ^
conftest.cpp:92:16: warning: defaulted function definitions are a C++11 extension [-Wc++11-extensions]
    nocopy() = default;
               ^
conftest.cpp:93:29: warning: deleted function definitions are a C++11 extension [-Wc++11-extensions]
    nocopy(const nocopy&) = delete;
                            ^
conftest.cpp:94:41: warning: deleted function definitions are a C++11 extension [-Wc++11-extensions]
    nocopy & operator=(const nocopy&) = delete;
                                        ^
conftest.cpp:106:25: warning: 'auto' type specifier is a C++11 extension [-Wc++11-extensions]
  template <typename V> auto sum(V first) -> V
                        ^
conftest.cpp:106:25: error: 'auto' not allowed in function return type
  template <typename V> auto sum(V first) -> V
                        ^~~~
conftest.cpp:106:42: error: expected ';' at end of declaration
  template <typename V> auto sum(V first) -> V
                                         ^
                                         ;
conftest.cpp:106:43: error: cannot use arrow operator on a type
  template <typename V> auto sum(V first) -> V
                                          ^
conftest.cpp:110:33: warning: variadic templates are a C++11 extension [-Wc++11-extensions]
  template <typename V, typename... Args> auto sum(V first, Args... rest) -> V
                                ^
conftest.cpp:110:43: warning: 'auto' type specifier is a C++11 extension [-Wc++11-extensions]
  template <typename V, typename... Args> auto sum(V first, Args... rest) -> V
                                          ^
conftest.cpp:110:43: error: 'auto' not allowed in function return type
  template <typename V, typename... Args> auto sum(V first, Args... rest) -> V
                                          ^~~~
conftest.cpp:110:74: error: expected ';' at end of declaration
  template <typename V, typename... Args> auto sum(V first, Args... rest) -> V
                                                                         ^
                                                                         ;
conftest.cpp:110:75: error: cannot use arrow operator on a type
  template <typename V, typename... Args> auto sum(V first, Args... rest) -> V
                                                                          ^
conftest.cpp:134:3: warning: 'auto' type specifier is a C++11 extension [-Wc++11-extensions]
  auto a1 = 6538;
  ^
conftest.cpp:135:3: warning: 'auto' type specifier is a C++11 extension [-Wc++11-extensions]
  auto a2 = 48573953.4;
  ^
conftest.cpp:136:3: warning: 'auto' type specifier is a C++11 extension [-Wc++11-extensions]
  auto a3 = "String literal";
  ^
conftest.cpp:139:8: warning: 'auto' type specifier is a C++11 extension [-Wc++11-extensions]
  for (auto i = a3; *i; ++i) { total += *i; }
       ^
conftest.cpp:155:8: warning: 'auto' type specifier is a C++11 extension [-Wc++11-extensions]
  for (auto &x : array) { x += 23; }
       ^
conftest.cpp:155:16: warning: range-based for loop is a C++11 extension [-Wc++11-extensions]
  for (auto &x : array) { x += 23; }
               ^
conftest.cpp:160:17: error: expected expression
  assert (eval ([](int x) { return x*2; }, 21) == 42);
                ^
conftest.cpp:162:17: error: expected expression
  assert (eval ([&](double x) { return d += x; }, 3.0) == 5.0);
                ^
conftest.cpp:164:17: error: expected expression
  assert (eval ([=](double x) mutable { return d += x; }, 4.0) == 9.0);
                ^
conftest.cpp:170:3: warning: 'auto' type specifier is a C++11 extension [-Wc++11-extensions]
  auto a = sum(1);
  ^
conftest.cpp:170:12: error: no matching function for call to 'sum'
  auto a = sum(1);
           ^~~
conftest.cpp:171:3: warning: 'auto' type specifier is a C++11 extension [-Wc++11-extensions]
  auto b = sum(1, 2);
  ^
conftest.cpp:171:12: error: no matching function for call to 'sum'
  auto b = sum(1, 2);
           ^~~
conftest.cpp:172:3: warning: 'auto' type specifier is a C++11 extension [-Wc++11-extensions]
  auto c = sum(1.0, 2.0, 3.0);
  ^
conftest.cpp:172:12: error: no matching function for call to 'sum'
  auto c = sum(1.0, 2.0, 3.0);
           ^~~
conftest.cpp:177:25: warning: empty parentheses interpreted as a function declaration [-Wvexing-parse]
  cxx11test::delegate d2();
                        ^~
conftest.cpp:177:25: note: remove parentheses to declare a variable
  cxx11test::delegate d2();
                        ^~
conftest.cpp:190:16: error: found '<::' after a template name which forms the digraph '<:' (aka '[') and a ':', did you mean '< ::'?
  test_template<::test_template<int>> v(test_template<int>(12));
               ^~~
               < ::
conftest.cpp:190:36: error: a space is required between consecutive right angle brackets (use '> >')
  test_template<::test_template<int>> v(test_template<int>(12));
                                   ^~
                                   > >
conftest.cpp:194:22: error: use of undeclared identifier 'u8'
  char const *utf8 = u8"UTF-8 string \u2500";
                     ^
conftest.cpp:194:24: error: expected ';' at end of declaration
  char const *utf8 = u8"UTF-8 string \u2500";
                       ^
                       ;
fatal error: too many errors emitted, stopping now [-ferror-limit=]
18 warnings and 20 errors generated.
configure:4138: $? = 1
configure: failed program was:
| /* confdefs.h */
| #define PACKAGE_NAME "GNU dap"
| #define PACKAGE_TARNAME "dap"
| #define PACKAGE_VERSION "3.10"
| #define PACKAGE_STRING "GNU dap 3.10"
| #define PACKAGE_BUGREPORT "bug-dap@gnu.org"
| #define PACKAGE_URL "https://www.gnu.org/software/dap/"
| #define PACKAGE "dap"
| #define VERSION "3.10"
| /* end confdefs.h.  */
| 
| // Does the compiler advertise C++98 conformance?
| #if !defined __cplusplus || __cplusplus < 199711L
| # error "Compiler does not advertise C++98 conformance"
| #endif
| 
| // These inclusions are to reject old compilers that
| // lack the unsuffixed header files.
| #include <cstdlib>
| #include <exception>
| 
| // <cassert> and <cstring> are *not* freestanding headers in C++98.
| extern void assert (int);
| namespace std {
|   extern int strcmp (const char *, const char *);
| }
| 
| // Namespaces, exceptions, and templates were all added after "C++ 2.0".
| using std::exception;
| using std::strcmp;
| 
| namespace {
| 
| void test_exception_syntax()
| {
|   try {
|     throw "test";
|   } catch (const char *s) {
|     // Extra parentheses suppress a warning when building autoconf itself,
|     // due to lint rules shared with more typical C programs.
|     assert (!(strcmp) (s, "test"));
|   }
| }
| 
| template <typename T> struct test_template
| {
|   T const val;
|   explicit test_template(T t) : val(t) {}
|   template <typename U> T add(U u) { return static_cast<T>(u) + val; }
| };
| 
| } // anonymous namespace
| 
| 
| // Does the compiler advertise C++ 2011 conformance?
| #if !defined __cplusplus || __cplusplus < 201103L
| # error "Compiler does not advertise C++11 conformance"
| #endif
| 
| namespace cxx11test
| {
|   constexpr int get_val() { return 20; }
| 
|   struct testinit
|   {
|     int i;
|     double d;
|   };
| 
|   class delegate
|   {
|   public:
|     delegate(int n) : n(n) {}
|     delegate(): delegate(2354) {}
| 
|     virtual int getval() { return this->n; };
|   protected:
|     int n;
|   };
| 
|   class overridden : public delegate
|   {
|   public:
|     overridden(int n): delegate(n) {}
|     virtual int getval() override final { return this->n * 2; }
|   };
| 
|   class nocopy
|   {
|   public:
|     nocopy(int i): i(i) {}
|     nocopy() = default;
|     nocopy(const nocopy&) = delete;
|     nocopy & operator=(const nocopy&) = delete;
|   private:
|     int i;
|   };
| 
|   // for testing lambda expressions
|   template <typename Ret, typename Fn> Ret eval(Fn f, Ret v)
|   {
|     return f(v);
|   }
| 
|   // for testing variadic templates and trailing return types
|   template <typename V> auto sum(V first) -> V
|   {
|     return first;
|   }
|   template <typename V, typename... Args> auto sum(V first, Args... rest) -> V
|   {
|     return first + sum(rest...);
|   }
| }
| 
| 
| int
| main (int argc, char **argv)
| {
|   int ok = 0;
|   
|   assert (argc);
|   assert (! argv[0]);
| {
|   test_exception_syntax ();
|   test_template<double> tt (2.0);
|   assert (tt.add (4) == 6.0);
|   assert (true && !false);
| }
| 
|   
| {
|   // Test auto and decltype
|   auto a1 = 6538;
|   auto a2 = 48573953.4;
|   auto a3 = "String literal";
| 
|   int total = 0;
|   for (auto i = a3; *i; ++i) { total += *i; }
| 
|   decltype(a2) a4 = 34895.034;
| }
| {
|   // Test constexpr
|   short sa[cxx11test::get_val()] = { 0 };
| }
| {
|   // Test initializer lists
|   cxx11test::testinit il = { 4323, 435234.23544 };
| }
| {
|   // Test range-based for
|   int array[] = {9, 7, 13, 15, 4, 18, 12, 10, 5, 3,
|                  14, 19, 17, 8, 6, 20, 16, 2, 11, 1};
|   for (auto &x : array) { x += 23; }
| }
| {
|   // Test lambda expressions
|   using cxx11test::eval;
|   assert (eval ([](int x) { return x*2; }, 21) == 42);
|   double d = 2.0;
|   assert (eval ([&](double x) { return d += x; }, 3.0) == 5.0);
|   assert (d == 5.0);
|   assert (eval ([=](double x) mutable { return d += x; }, 4.0) == 9.0);
|   assert (d == 5.0);
| }
| {
|   // Test use of variadic templates
|   using cxx11test::sum;
|   auto a = sum(1);
|   auto b = sum(1, 2);
|   auto c = sum(1.0, 2.0, 3.0);
| }
| {
|   // Test constructor delegation
|   cxx11test::delegate d1;
|   cxx11test::delegate d2();
|   cxx11test::delegate d3(45);
| }
| {
|   // Test override and final
|   cxx11test::overridden o1(55464);
| }
| {
|   // Test nullptr
|   char *c = nullptr;
| }
| {
|   // Test template brackets
|   test_template<::test_template<int>> v(test_template<int>(12));
| }
| {
|   // Unicode literals
|   char const *utf8 = u8"UTF-8 string \u2500";
|   char16_t const *utf16 = u"UTF-8 string \u2500";
|   char32_t const *utf32 = U"UTF-32 string \u2500";
| }
| 
|   return ok;
| }
| 
configure:4156: result: none needed
configure:4223: checking whether make supports the include directive
configure:4238: make -f confmf.GNU && cat confinc.out
this is the am__doit target
configure:4241: $? = 0
configure:4260: result: yes (GNU style)
configure:4286: checking dependency style of g++
configure:4398: result: gcc3
configure:4417: checking whether make sets $(MAKE)
configure:4440: result: yes
configure:4483: checking build system type
configure:4498: result: aarch64-apple-darwin22.4.0
configure:4518: checking host system type
configure:4532: result: aarch64-apple-darwin22.4.0
configure:4573: checking how to print strings
configure:4600: result: printf
configure:4683: checking for gcc
configure:4704: found /usr/bin/gcc
configure:4715: result: gcc
configure:5068: checking for C compiler version
configure:5077: gcc --version >&5
Apple clang version 14.0.3 (clang-1403.0.22.14.1)
Target: arm64-apple-darwin22.4.0
Thread model: posix
InstalledDir: /Library/Developer/CommandLineTools/usr/bin
configure:5088: $? = 0
configure:5077: gcc -v >&5
Apple clang version 14.0.3 (clang-1403.0.22.14.1)
Target: arm64-apple-darwin22.4.0
Thread model: posix
InstalledDir: /Library/Developer/CommandLineTools/usr/bin
configure:5088: $? = 0
configure:5077: gcc -V >&5
clang: error: argument to '-V' is missing (expected 1 value)
clang: error: no input files
configure:5088: $? = 1
configure:5077: gcc -qversion >&5
clang: error: unknown argument '-qversion'; did you mean '--version'?
clang: error: no input files
configure:5088: $? = 1
configure:5077: gcc -version >&5
clang: error: unknown argument '-version'; did you mean '--version'?
clang: error: no input files
configure:5088: $? = 1
configure:5092: checking whether the compiler supports GNU C
configure:5112: gcc -c   conftest.c >&5
configure:5112: $? = 0
configure:5122: result: yes
configure:5133: checking whether gcc accepts -g
configure:5154: gcc -c -g  conftest.c >&5
configure:5154: $? = 0
configure:5198: result: yes
configure:5218: checking for gcc option to enable C11 features
configure:5233: gcc  -c -g -O2  conftest.c >&5
conftest.c:25:14: warning: a function declaration without a prototype is deprecated in all versions of C and is not supported in C2x [-Wdeprecated-non-prototype]
static char *e (p, i)
             ^
1 warning generated.
configure:5233: $? = 0
configure:5251: result: none needed
configure:5367: checking whether gcc understands -c and -o together
configure:5390: gcc -c conftest.c -o conftest2.o
configure:5393: $? = 0
configure:5390: gcc -c conftest.c -o conftest2.o
configure:5393: $? = 0
configure:5405: result: yes
configure:5424: checking dependency style of gcc
configure:5536: result: gcc3
configure:5551: checking for a sed that does not truncate output
configure:5621: result: /usr/bin/sed
configure:5639: checking for grep that handles long lines and -e
configure:5703: result: /usr/bin/grep
configure:5708: checking for egrep
configure:5776: result: /usr/bin/grep -E
configure:5781: checking for fgrep
configure:5849: result: /usr/bin/grep -F
configure:5885: checking for ld used by gcc
configure:5953: result: /Library/Developer/CommandLineTools/usr/bin/ld
configure:5960: checking if the linker (/Library/Developer/CommandLineTools/usr/bin/ld) is GNU ld
configure:5976: result: no
configure:5988: checking for BSD- or MS-compatible name lister (nm)
configure:6043: result: /usr/bin/nm -B
configure:6183: checking the name lister (/usr/bin/nm -B) interface
configure:6191: gcc -c -g -O2  conftest.c >&5
configure:6194: /usr/bin/nm -B "conftest.o"
configure:6197: output
0000000000000224 S _some_variable
0000000000000000 t ltmp0
0000000000000224 s ltmp1
configure:6204: result: BSD nm
configure:6207: checking whether ln -s works
configure:6211: result: yes
configure:6219: checking the maximum length of command line arguments
configure:6351: result: 786432
configure:6399: checking how to convert aarch64-apple-darwin22.4.0 file names to aarch64-apple-darwin22.4.0 format
configure:6440: result: func_convert_file_noop
configure:6447: checking how to convert aarch64-apple-darwin22.4.0 file names to toolchain format
configure:6468: result: func_convert_file_noop
configure:6475: checking for /Library/Developer/CommandLineTools/usr/bin/ld option to reload object files
configure:6483: result: -r
configure:6562: checking for file
configure:6583: found /usr/bin/file
configure:6594: result: file
configure:6670: checking for objdump
configure:6691: found /usr/bin/objdump
configure:6702: result: objdump
configure:6734: checking how to recognize dependent libraries
configure:6935: result: pass_all
configure:7025: checking for dlltool
configure:7060: result: no
configure:7090: checking how to associate runtime and link libraries
configure:7118: result: printf %s\n
configure:7184: checking for ar
configure:7205: found /usr/bin/ar
configure:7216: result: ar
configure:7269: checking for archiver @FILE support
configure:7287: gcc -c -g -O2  conftest.c >&5
configure:7287: $? = 0
configure:7291: ar cr libconftest.a @conftest.lst >&5
ar: @conftest.lst: No such file or directory
configure:7294: $? = 1
configure:7314: result: no
configure:7377: checking for strip
configure:7398: found /usr/bin/strip
configure:7409: result: strip
configure:7486: checking for ranlib
configure:7507: found /usr/bin/ranlib
configure:7518: result: ranlib
configure:7620: checking command to parse /usr/bin/nm -B output from gcc object
configure:7774: gcc -c -g -O2  conftest.c >&5
configure:7777: $? = 0
configure:7781: /usr/bin/nm -B conftest.o \| /usr/bin/sed -n -e 's/^.*[ ]\([ABCDGIRSTW][ABCDGIRSTW]*\)[ ][ ]*\([_A-Za-z][_A-Za-z0-9]*\)$/\1 \2 \2/p' | /usr/bin/sed '/ __gnu_lto/d' \> conftest.nm
configure:7784: $? = 0
cannot find nm_test_var in conftest.nm
configure:7774: gcc -c -g -O2  conftest.c >&5
configure:7777: $? = 0
configure:7781: /usr/bin/nm -B conftest.o \| /usr/bin/sed -n -e 's/^.*[ ]\([ABCDGIRSTW][ABCDGIRSTW]*\)[ ][ ]*_\([_A-Za-z][_A-Za-z0-9]*\)$/\1 _\2 \2/p' | /usr/bin/sed '/ __gnu_lto/d' \> conftest.nm
configure:7784: $? = 0
configure:7850: gcc -o conftest -g -O2   conftest.c conftstm.o >&5
warning: (arm64)  could not find object file symbol for symbol _main
configure:7853: $? = 0
configure:7891: result: ok
configure:7938: checking for sysroot
configure:7969: result: no
configure:7976: checking for a working dd
configure:8020: result: /bin/dd
configure:8024: checking how to truncate binary pipes
configure:8040: result: /bin/dd bs=4096 count=1
configure:8377: checking for mt
configure:8412: result: no
configure:8432: checking if : is a manifest tool
configure:8439: : '-?'
configure:8447: result: no
configure:8508: checking for dsymutil
configure:8529: found /usr/bin/dsymutil
configure:8540: result: dsymutil
configure:8610: checking for nmedit
configure:8631: found /usr/bin/nmedit
configure:8642: result: nmedit
configure:8712: checking for lipo
configure:8733: found /usr/bin/lipo
configure:8744: result: lipo
configure:8814: checking for otool
configure:8835: found /usr/bin/otool
configure:8846: result: otool
configure:8916: checking for otool64
configure:8951: result: no
configure:8996: checking for -single_module linker flag
gcc -g -O2  -o libconftest.dylib -dynamiclib -Wl,-single_module conftest.c
configure:9030: result: yes
configure:9033: checking for -exported_symbols_list linker flag
configure:9054: gcc -o conftest -g -O2   -Wl,-exported_symbols_list,conftest.sym conftest.c  >&5
configure:9054: $? = 0
configure:9065: result: yes
configure:9068: checking for -force_load linker flag
gcc -g -O2 -c -o conftest.o conftest.c
ar cr libconftest.a conftest.o
ranlib libconftest.a
gcc -g -O2  -o conftest conftest.c -Wl,-force_load,./libconftest.a
configure:9101: result: yes
configure:9172: checking for stdio.h
configure:9172: gcc -c -g -O2  conftest.c >&5
configure:9172: $? = 0
configure:9172: result: yes
configure:9172: checking for stdlib.h
configure:9172: gcc -c -g -O2  conftest.c >&5
configure:9172: $? = 0
configure:9172: result: yes
configure:9172: checking for string.h
configure:9172: gcc -c -g -O2  conftest.c >&5
configure:9172: $? = 0
configure:9172: result: yes
configure:9172: checking for inttypes.h
configure:9172: gcc -c -g -O2  conftest.c >&5
configure:9172: $? = 0
configure:9172: result: yes
configure:9172: checking for stdint.h
configure:9172: gcc -c -g -O2  conftest.c >&5
configure:9172: $? = 0
configure:9172: result: yes
configure:9172: checking for strings.h
configure:9172: gcc -c -g -O2  conftest.c >&5
configure:9172: $? = 0
configure:9172: result: yes
configure:9172: checking for sys/stat.h
configure:9172: gcc -c -g -O2  conftest.c >&5
configure:9172: $? = 0
configure:9172: result: yes
configure:9172: checking for sys/types.h
configure:9172: gcc -c -g -O2  conftest.c >&5
configure:9172: $? = 0
configure:9172: result: yes
configure:9172: checking for unistd.h
configure:9172: gcc -c -g -O2  conftest.c >&5
configure:9172: $? = 0
configure:9172: result: yes
configure:9172: checking for vfork.h
configure:9172: gcc -c -g -O2  conftest.c >&5
conftest.c:48:10: fatal error: 'vfork.h' file not found
#include <vfork.h>
         ^~~~~~~~~
1 error generated.
configure:9172: $? = 1
configure: failed program was:
| /* confdefs.h */
| #define PACKAGE_NAME "GNU dap"
| #define PACKAGE_TARNAME "dap"
| #define PACKAGE_VERSION "3.10"
| #define PACKAGE_STRING "GNU dap 3.10"
| #define PACKAGE_BUGREPORT "bug-dap@gnu.org"
| #define PACKAGE_URL "https://www.gnu.org/software/dap/"
| #define PACKAGE "dap"
| #define VERSION "3.10"
| #define HAVE_STDIO_H 1
| #define HAVE_STDLIB_H 1
| #define HAVE_STRING_H 1
| #define HAVE_INTTYPES_H 1
| #define HAVE_STDINT_H 1
| #define HAVE_STRINGS_H 1
| #define HAVE_SYS_STAT_H 1
| #define HAVE_SYS_TYPES_H 1
| #define HAVE_UNISTD_H 1
| /* end confdefs.h.  */
| #include <stddef.h>
| #ifdef HAVE_STDIO_H
| # include <stdio.h>
| #endif
| #ifdef HAVE_STDLIB_H
| # include <stdlib.h>
| #endif
| #ifdef HAVE_STRING_H
| # include <string.h>
| #endif
| #ifdef HAVE_INTTYPES_H
| # include <inttypes.h>
| #endif
| #ifdef HAVE_STDINT_H
| # include <stdint.h>
| #endif
| #ifdef HAVE_STRINGS_H
| # include <strings.h>
| #endif
| #ifdef HAVE_SYS_TYPES_H
| # include <sys/types.h>
| #endif
| #ifdef HAVE_SYS_STAT_H
| # include <sys/stat.h>
| #endif
| #ifdef HAVE_UNISTD_H
| # include <unistd.h>
| #endif
| #include <vfork.h>
configure:9172: result: no
configure:9197: checking for dlfcn.h
configure:9197: gcc -c -g -O2  conftest.c >&5
configure:9197: $? = 0
configure:9197: result: yes
configure:9467: checking for objdir
configure:9483: result: .libs
configure:9747: checking if gcc supports -fno-rtti -fno-exceptions
configure:9766: gcc -c -g -O2  -fno-rtti -fno-exceptions conftest.c >&5
configure:9770: $? = 0
configure:9783: result: yes
configure:10141: checking for gcc option to produce PIC
configure:10149: result: -fno-common -DPIC
configure:10157: checking if gcc PIC flag -fno-common -DPIC works
configure:10176: gcc -c -g -O2  -fno-common -DPIC -DPIC conftest.c >&5
configure:10180: $? = 0
configure:10193: result: yes
configure:10222: checking if gcc static flag -static works
configure:10251: result: no
configure:10266: checking if gcc supports -c -o file.o
configure:10288: gcc -c -g -O2  -o out/conftest2.o conftest.c >&5
configure:10292: $? = 0
configure:10314: result: yes
configure:10322: checking if gcc supports -c -o file.o
configure:10370: result: yes
configure:10403: checking whether the gcc linker (/Library/Developer/CommandLineTools/usr/bin/ld) supports shared libraries
configure:11671: result: yes
configure:11912: checking dynamic linker characteristics
configure:12733: result: darwin22.4.0 dyld
configure:12855: checking how to hardcode library paths into programs
configure:12880: result: immediate
configure:13432: checking whether stripping libraries is possible
configure:13449: result: yes
configure:13483: checking if libtool supports shared libraries
configure:13485: result: yes
configure:13488: checking whether to build shared libraries
configure:13513: result: yes
configure:13516: checking whether to build static libraries
configure:13520: result: yes
configure:13543: checking how to run the C++ preprocessor
configure:13565: g++ -E  conftest.cpp
configure:13565: $? = 0
configure:13580: g++ -E  conftest.cpp
conftest.cpp:23:10: fatal error: 'ac_nonexistent.h' file not found
#include <ac_nonexistent.h>
         ^~~~~~~~~~~~~~~~~~
1 error generated.
configure:13580: $? = 1
configure: failed program was:
| /* confdefs.h */
| #define PACKAGE_NAME "GNU dap"
| #define PACKAGE_TARNAME "dap"
| #define PACKAGE_VERSION "3.10"
| #define PACKAGE_STRING "GNU dap 3.10"
| #define PACKAGE_BUGREPORT "bug-dap@gnu.org"
| #define PACKAGE_URL "https://www.gnu.org/software/dap/"
| #define PACKAGE "dap"
| #define VERSION "3.10"
| #define HAVE_STDIO_H 1
| #define HAVE_STDLIB_H 1
| #define HAVE_STRING_H 1
| #define HAVE_INTTYPES_H 1
| #define HAVE_STDINT_H 1
| #define HAVE_STRINGS_H 1
| #define HAVE_SYS_STAT_H 1
| #define HAVE_SYS_TYPES_H 1
| #define HAVE_UNISTD_H 1
| #define STDC_HEADERS 1
| #define HAVE_DLFCN_H 1
| #define LT_OBJDIR ".libs/"
| /* end confdefs.h.  */
| #include <ac_nonexistent.h>
configure:13607: result: g++ -E
configure:13621: g++ -E  conftest.cpp
configure:13621: $? = 0
configure:13636: g++ -E  conftest.cpp
conftest.cpp:23:10: fatal error: 'ac_nonexistent.h' file not found
#include <ac_nonexistent.h>
         ^~~~~~~~~~~~~~~~~~
1 error generated.
configure:13636: $? = 1
configure: failed program was:
| /* confdefs.h */
| #define PACKAGE_NAME "GNU dap"
| #define PACKAGE_TARNAME "dap"
| #define PACKAGE_VERSION "3.10"
| #define PACKAGE_STRING "GNU dap 3.10"
| #define PACKAGE_BUGREPORT "bug-dap@gnu.org"
| #define PACKAGE_URL "https://www.gnu.org/software/dap/"
| #define PACKAGE "dap"
| #define VERSION "3.10"
| #define HAVE_STDIO_H 1
| #define HAVE_STDLIB_H 1
| #define HAVE_STRING_H 1
| #define HAVE_INTTYPES_H 1
| #define HAVE_STDINT_H 1
| #define HAVE_STRINGS_H 1
| #define HAVE_SYS_STAT_H 1
| #define HAVE_SYS_TYPES_H 1
| #define HAVE_UNISTD_H 1
| #define STDC_HEADERS 1
| #define HAVE_DLFCN_H 1
| #define LT_OBJDIR ".libs/"
| /* end confdefs.h.  */
| #include <ac_nonexistent.h>
configure:13801: checking for ld used by g++
configure:13869: result: /Library/Developer/CommandLineTools/usr/bin/ld
configure:13876: checking if the linker (/Library/Developer/CommandLineTools/usr/bin/ld) is GNU ld
configure:13892: result: no
configure:13947: checking whether the g++ linker (/Library/Developer/CommandLineTools/usr/bin/ld) supports shared libraries
configure:15025: result: yes
configure:15061: g++ -c -g -O2  conftest.cpp >&5
configure:15064: $? = 0
configure:15545: checking for g++ option to produce PIC
configure:15553: result: -fno-common -DPIC
configure:15561: checking if g++ PIC flag -fno-common -DPIC works
configure:15580: g++ -c -g -O2  -fno-common -DPIC -DPIC conftest.cpp >&5
configure:15584: $? = 0
configure:15597: result: yes
configure:15620: checking if g++ static flag -static works
configure:15649: result: no
configure:15661: checking if g++ supports -c -o file.o
configure:15683: g++ -c -g -O2  -o out/conftest2.o conftest.cpp >&5
configure:15687: $? = 0
configure:15709: result: yes
configure:15714: checking if g++ supports -c -o file.o
configure:15762: result: yes
configure:15792: checking whether the g++ linker (/Library/Developer/CommandLineTools/usr/bin/ld) supports shared libraries
configure:15832: result: yes
configure:15974: checking dynamic linker characteristics
configure:16722: result: darwin22.4.0 dyld
configure:16787: checking how to hardcode library paths into programs
configure:16812: result: immediate
configure:16874: checking for sys/wait.h that is POSIX.1 compatible
configure:16901: gcc -c -g -O2  conftest.c >&5
configure:16901: $? = 0
configure:16909: result: yes
configure:16917: checking for fcntl.h
configure:16917: gcc -c -g -O2  conftest.c >&5
configure:16917: $? = 0
configure:16917: result: yes
configure:16923: checking for strings.h
configure:16923: result: yes
configure:16929: checking for unistd.h
configure:16929: result: yes
configure:16937: checking for mode_t
configure:16937: gcc -c -g -O2  conftest.c >&5
configure:16937: $? = 0
configure:16937: gcc -c -g -O2  conftest.c >&5
conftest.c:58:21: error: expected expression
if (sizeof ((mode_t)))
                    ^
1 error generated.
configure:16937: $? = 1
configure: failed program was:
| /* confdefs.h */
| #define PACKAGE_NAME "GNU dap"
| #define PACKAGE_TARNAME "dap"
| #define PACKAGE_VERSION "3.10"
| #define PACKAGE_STRING "GNU dap 3.10"
| #define PACKAGE_BUGREPORT "bug-dap@gnu.org"
| #define PACKAGE_URL "https://www.gnu.org/software/dap/"
| #define PACKAGE "dap"
| #define VERSION "3.10"
| #define HAVE_STDIO_H 1
| #define HAVE_STDLIB_H 1
| #define HAVE_STRING_H 1
| #define HAVE_INTTYPES_H 1
| #define HAVE_STDINT_H 1
| #define HAVE_STRINGS_H 1
| #define HAVE_SYS_STAT_H 1
| #define HAVE_SYS_TYPES_H 1
| #define HAVE_UNISTD_H 1
| #define STDC_HEADERS 1
| #define HAVE_DLFCN_H 1
| #define LT_OBJDIR ".libs/"
| #define HAVE_SYS_WAIT_H 1
| #define HAVE_FCNTL_H 1
| #define HAVE_STRINGS_H 1
| #define HAVE_UNISTD_H 1
| /* end confdefs.h.  */
| #include <stddef.h>
| #ifdef HAVE_STDIO_H
| # include <stdio.h>
| #endif
| #ifdef HAVE_STDLIB_H
| # include <stdlib.h>
| #endif
| #ifdef HAVE_STRING_H
| # include <string.h>
| #endif
| #ifdef HAVE_INTTYPES_H
| # include <inttypes.h>
| #endif
| #ifdef HAVE_STDINT_H
| # include <stdint.h>
| #endif
| #ifdef HAVE_STRINGS_H
| # include <strings.h>
| #endif
| #ifdef HAVE_SYS_TYPES_H
| # include <sys/types.h>
| #endif
| #ifdef HAVE_SYS_STAT_H
| # include <sys/stat.h>
| #endif
| #ifdef HAVE_UNISTD_H
| # include <unistd.h>
| #endif
| int
| main (void)
| {
| if (sizeof ((mode_t)))
| 	    return 0;
|   ;
|   return 0;
| }
configure:16937: result: yes
configure:16947: checking for size_t
configure:16947: gcc -c -g -O2  conftest.c >&5
configure:16947: $? = 0
configure:16947: gcc -c -g -O2  conftest.c >&5
conftest.c:58:21: error: expected expression
if (sizeof ((size_t)))
                    ^
1 error generated.
configure:16947: $? = 1
configure: failed program was:
| /* confdefs.h */
| #define PACKAGE_NAME "GNU dap"
| #define PACKAGE_TARNAME "dap"
| #define PACKAGE_VERSION "3.10"
| #define PACKAGE_STRING "GNU dap 3.10"
| #define PACKAGE_BUGREPORT "bug-dap@gnu.org"
| #define PACKAGE_URL "https://www.gnu.org/software/dap/"
| #define PACKAGE "dap"
| #define VERSION "3.10"
| #define HAVE_STDIO_H 1
| #define HAVE_STDLIB_H 1
| #define HAVE_STRING_H 1
| #define HAVE_INTTYPES_H 1
| #define HAVE_STDINT_H 1
| #define HAVE_STRINGS_H 1
| #define HAVE_SYS_STAT_H 1
| #define HAVE_SYS_TYPES_H 1
| #define HAVE_UNISTD_H 1
| #define STDC_HEADERS 1
| #define HAVE_DLFCN_H 1
| #define LT_OBJDIR ".libs/"
| #define HAVE_SYS_WAIT_H 1
| #define HAVE_FCNTL_H 1
| #define HAVE_STRINGS_H 1
| #define HAVE_UNISTD_H 1
| /* end confdefs.h.  */
| #include <stddef.h>
| #ifdef HAVE_STDIO_H
| # include <stdio.h>
| #endif
| #ifdef HAVE_STDLIB_H
| # include <stdlib.h>
| #endif
| #ifdef HAVE_STRING_H
| # include <string.h>
| #endif
| #ifdef HAVE_INTTYPES_H
| # include <inttypes.h>
| #endif
| #ifdef HAVE_STDINT_H
| # include <stdint.h>
| #endif
| #ifdef HAVE_STRINGS_H
| # include <strings.h>
| #endif
| #ifdef HAVE_SYS_TYPES_H
| # include <sys/types.h>
| #endif
| #ifdef HAVE_SYS_STAT_H
| # include <sys/stat.h>
| #endif
| #ifdef HAVE_UNISTD_H
| # include <unistd.h>
| #endif
| int
| main (void)
| {
| if (sizeof ((size_t)))
| 	    return 0;
|   ;
|   return 0;
| }
configure:16947: result: yes
configure:16958: checking for pid_t
configure:16958: gcc -c -g -O2  conftest.c >&5
configure:16958: $? = 0
configure:16958: gcc -c -g -O2  conftest.c >&5
conftest.c:59:20: error: expected expression
if (sizeof ((pid_t)))
                   ^
1 error generated.
configure:16958: $? = 1
configure: failed program was:
| /* confdefs.h */
| #define PACKAGE_NAME "GNU dap"
| #define PACKAGE_TARNAME "dap"
| #define PACKAGE_VERSION "3.10"
| #define PACKAGE_STRING "GNU dap 3.10"
| #define PACKAGE_BUGREPORT "bug-dap@gnu.org"
| #define PACKAGE_URL "https://www.gnu.org/software/dap/"
| #define PACKAGE "dap"
| #define VERSION "3.10"
| #define HAVE_STDIO_H 1
| #define HAVE_STDLIB_H 1
| #define HAVE_STRING_H 1
| #define HAVE_INTTYPES_H 1
| #define HAVE_STDINT_H 1
| #define HAVE_STRINGS_H 1
| #define HAVE_SYS_STAT_H 1
| #define HAVE_SYS_TYPES_H 1
| #define HAVE_UNISTD_H 1
| #define STDC_HEADERS 1
| #define HAVE_DLFCN_H 1
| #define LT_OBJDIR ".libs/"
| #define HAVE_SYS_WAIT_H 1
| #define HAVE_FCNTL_H 1
| #define HAVE_STRINGS_H 1
| #define HAVE_UNISTD_H 1
| /* end confdefs.h.  */
| #include <stddef.h>
| #ifdef HAVE_STDIO_H
| # include <stdio.h>
| #endif
| #ifdef HAVE_STDLIB_H
| # include <stdlib.h>
| #endif
| #ifdef HAVE_STRING_H
| # include <string.h>
| #endif
| #ifdef HAVE_INTTYPES_H
| # include <inttypes.h>
| #endif
| #ifdef HAVE_STDINT_H
| # include <stdint.h>
| #endif
| #ifdef HAVE_STRINGS_H
| # include <strings.h>
| #endif
| #ifdef HAVE_SYS_TYPES_H
| # include <sys/types.h>
| #endif
| #ifdef HAVE_SYS_STAT_H
| # include <sys/stat.h>
| #endif
| #ifdef HAVE_UNISTD_H
| # include <unistd.h>
| #endif
| 
| int
| main (void)
| {
| if (sizeof ((pid_t)))
| 	    return 0;
|   ;
|   return 0;
| }
configure:16958: result: yes
configure:16994: checking for ssize_t
configure:16994: gcc -c -g -O2  conftest.c >&5
configure:16994: $? = 0
configure:16994: gcc -c -g -O2  conftest.c >&5
conftest.c:58:22: error: expected expression
if (sizeof ((ssize_t)))
                     ^
1 error generated.
configure:16994: $? = 1
configure: failed program was:
| /* confdefs.h */
| #define PACKAGE_NAME "GNU dap"
| #define PACKAGE_TARNAME "dap"
| #define PACKAGE_VERSION "3.10"
| #define PACKAGE_STRING "GNU dap 3.10"
| #define PACKAGE_BUGREPORT "bug-dap@gnu.org"
| #define PACKAGE_URL "https://www.gnu.org/software/dap/"
| #define PACKAGE "dap"
| #define VERSION "3.10"
| #define HAVE_STDIO_H 1
| #define HAVE_STDLIB_H 1
| #define HAVE_STRING_H 1
| #define HAVE_INTTYPES_H 1
| #define HAVE_STDINT_H 1
| #define HAVE_STRINGS_H 1
| #define HAVE_SYS_STAT_H 1
| #define HAVE_SYS_TYPES_H 1
| #define HAVE_UNISTD_H 1
| #define STDC_HEADERS 1
| #define HAVE_DLFCN_H 1
| #define LT_OBJDIR ".libs/"
| #define HAVE_SYS_WAIT_H 1
| #define HAVE_FCNTL_H 1
| #define HAVE_STRINGS_H 1
| #define HAVE_UNISTD_H 1
| /* end confdefs.h.  */
| #include <stddef.h>
| #ifdef HAVE_STDIO_H
| # include <stdio.h>
| #endif
| #ifdef HAVE_STDLIB_H
| # include <stdlib.h>
| #endif
| #ifdef HAVE_STRING_H
| # include <string.h>
| #endif
| #ifdef HAVE_INTTYPES_H
| # include <inttypes.h>
| #endif
| #ifdef HAVE_STDINT_H
| # include <stdint.h>
| #endif
| #ifdef HAVE_STRINGS_H
| # include <strings.h>
| #endif
| #ifdef HAVE_SYS_TYPES_H
| # include <sys/types.h>
| #endif
| #ifdef HAVE_SYS_STAT_H
| # include <sys/stat.h>
| #endif
| #ifdef HAVE_UNISTD_H
| # include <unistd.h>
| #endif
| int
| main (void)
| {
| if (sizeof ((ssize_t)))
| 	    return 0;
|   ;
|   return 0;
| }
configure:16994: result: yes
configure:17005: checking for mkdir
configure:17005: gcc -o conftest -g -O2   conftest.c  >&5
configure:17005: $? = 0
configure:17005: result: yes
configure:17012: checking for floor
configure:17012: gcc -o conftest -g -O2   conftest.c  >&5
conftest.c:44:6: warning: incompatible redeclaration of library function 'floor' [-Wincompatible-library-redeclaration]
char floor ();
     ^
conftest.c:44:6: note: 'floor' is a builtin with type 'double (double)'
1 warning generated.
configure:17012: $? = 0
configure:17012: result: yes
configure:17019: checking for rint
configure:17019: gcc -o conftest -g -O2   conftest.c  >&5
conftest.c:45:6: warning: incompatible redeclaration of library function 'rint' [-Wincompatible-library-redeclaration]
char rint ();
     ^
conftest.c:45:6: note: 'rint' is a builtin with type 'double (double)'
1 warning generated.
configure:17019: $? = 0
configure:17019: result: yes
configure:17026: checking for sqrt
configure:17026: gcc -o conftest -g -O2   conftest.c  >&5
conftest.c:46:6: warning: incompatible redeclaration of library function 'sqrt' [-Wincompatible-library-redeclaration]
char sqrt ();
     ^
conftest.c:46:6: note: 'sqrt' is a builtin with type 'double (double)'
1 warning generated.
configure:17026: $? = 0
configure:17026: result: yes
configure:17033: checking for pow
configure:17033: gcc -o conftest -g -O2   conftest.c  >&5
conftest.c:47:6: warning: incompatible redeclaration of library function 'pow' [-Wincompatible-library-redeclaration]
char pow ();
     ^
conftest.c:47:6: note: 'pow' is a builtin with type 'double (double, double)'
1 warning generated.
configure:17033: $? = 0
configure:17033: result: yes
configure:17045: checking for fork
configure:17045: gcc -o conftest -g -O2   conftest.c  >&5
configure:17045: $? = 0
configure:17045: result: yes
configure:17045: checking for vfork
configure:17045: gcc -o conftest -g -O2   conftest.c  >&5
conftest.c:49:6: warning: incompatible redeclaration of library function 'vfork' [-Wincompatible-library-redeclaration]
char vfork ();
     ^
conftest.c:49:6: note: 'vfork' is a builtin with type 'int (void)'
1 warning generated.
configure:17045: $? = 0
configure:17045: result: yes
configure:17058: checking for working fork
configure:17082: gcc -o conftest -g -O2   conftest.c  >&5
configure:17082: $? = 0
configure:17082: ./conftest
configure:17082: $? = 0
configure:17093: result: yes
configure:17114: checking for working vfork
configure:17243: result: yes
configure:17268: checking for GNU libc compatible malloc
configure:17300: gcc -o conftest -g -O2   conftest.c  >&5
configure:17300: $? = 0
configure:17300: ./conftest
configure:17300: $? = 0
configure:17311: result: yes
configure:17446: checking that generated files are newer than configure
configure:17452: result: done
configure:17479: creating ./config.status

## ---------------------- ##
## Running config.status. ##
## ---------------------- ##

This file was extended by GNU dap config.status 3.10, which was
generated by GNU Autoconf 2.71.  Invocation command line was

  CONFIG_FILES    = 
  CONFIG_HEADERS  = 
  CONFIG_LINKS    = 
  CONFIG_COMMANDS = 
  $ ./config.status 

on Seths-iMac.local

config.status:1159: creating src/Makefile
config.status:1159: creating Makefile
config.status:1159: creating config.h
config.status:1388: executing depfiles commands
config.status:1465: cd src       && sed -e '/# am--include-marker/d' Makefile         | make -f - am--depfiles
config.status:1470: $? = 0
config.status:1388: executing libtool commands

## ---------------- ##
## Cache variables. ##
## ---------------- ##

ac_cv_build=aarch64-apple-darwin22.4.0
ac_cv_c_compiler_gnu=yes
ac_cv_cxx_compiler_gnu=yes
ac_cv_env_CCC_set=
ac_cv_env_CCC_value=
ac_cv_env_CC_set=
ac_cv_env_CC_value=
ac_cv_env_CFLAGS_set=
ac_cv_env_CFLAGS_value=
ac_cv_env_CPPFLAGS_set=
ac_cv_env_CPPFLAGS_value=
ac_cv_env_CXXCPP_set=
ac_cv_env_CXXCPP_value=
ac_cv_env_CXXFLAGS_set=
ac_cv_env_CXXFLAGS_value=
ac_cv_env_CXX_set=
ac_cv_env_CXX_value=
ac_cv_env_LDFLAGS_set=
ac_cv_env_LDFLAGS_value=
ac_cv_env_LIBS_set=
ac_cv_env_LIBS_value=
ac_cv_env_LT_SYS_LIBRARY_PATH_set=
ac_cv_env_LT_SYS_LIBRARY_PATH_value=
ac_cv_env_build_alias_set=
ac_cv_env_build_alias_value=
ac_cv_env_host_alias_set=
ac_cv_env_host_alias_value=
ac_cv_env_target_alias_set=
ac_cv_env_target_alias_value=
ac_cv_func_floor=yes
ac_cv_func_fork=yes
ac_cv_func_fork_works=yes
ac_cv_func_malloc_0_nonnull=yes
ac_cv_func_mkdir=yes
ac_cv_func_pow=yes
ac_cv_func_rint=yes
ac_cv_func_sqrt=yes
ac_cv_func_vfork=yes
ac_cv_func_vfork_works=yes
ac_cv_header_dlfcn_h=yes
ac_cv_header_fcntl_h=yes
ac_cv_header_inttypes_h=yes
ac_cv_header_stdint_h=yes
ac_cv_header_stdio_h=yes
ac_cv_header_stdlib_h=yes
ac_cv_header_string_h=yes
ac_cv_header_strings_h=yes
ac_cv_header_sys_stat_h=yes
ac_cv_header_sys_types_h=yes
ac_cv_header_sys_wait_h=yes
ac_cv_header_unistd_h=yes
ac_cv_header_vfork_h=no
ac_cv_host=aarch64-apple-darwin22.4.0
ac_cv_objext=o
ac_cv_path_EGREP='/usr/bin/grep -E'
ac_cv_path_FGREP='/usr/bin/grep -F'
ac_cv_path_GREP=/usr/bin/grep
ac_cv_path_SED=/usr/bin/sed
ac_cv_path_install='/opt/homebrew/bin/ginstall -c'
ac_cv_path_lt_DD=/bin/dd
ac_cv_path_mkdir=/opt/homebrew/bin/gmkdir
ac_cv_prog_AWK=awk
ac_cv_prog_CXXCPP='g++ -E'
ac_cv_prog_ac_ct_AR=ar
ac_cv_prog_ac_ct_CC=gcc
ac_cv_prog_ac_ct_CXX=g++
ac_cv_prog_ac_ct_DSYMUTIL=dsymutil
ac_cv_prog_ac_ct_FILECMD=file
ac_cv_prog_ac_ct_LIPO=lipo
ac_cv_prog_ac_ct_NMEDIT=nmedit
ac_cv_prog_ac_ct_OBJDUMP=objdump
ac_cv_prog_ac_ct_OTOOL=otool
ac_cv_prog_ac_ct_RANLIB=ranlib
ac_cv_prog_ac_ct_STRIP=strip
ac_cv_prog_cc_c11=
ac_cv_prog_cc_g=yes
ac_cv_prog_cc_stdc=
ac_cv_prog_cxx_11=no
ac_cv_prog_cxx_g=yes
ac_cv_prog_cxx_stdcxx=
ac_cv_prog_make_make_set=yes
ac_cv_type_mode_t=yes
ac_cv_type_pid_t=yes
ac_cv_type_size_t=yes
ac_cv_type_ssize_t=yes
am_cv_CC_dependencies_compiler_type=gcc3
am_cv_CXX_dependencies_compiler_type=gcc3
am_cv_make_support_nested_variables=yes
am_cv_prog_cc_c_o=yes
lt_cv_apple_cc_single_mod=yes
lt_cv_ar_at_file=no
lt_cv_deplibs_check_method=pass_all
lt_cv_file_magic_cmd='$MAGIC_CMD'
lt_cv_file_magic_test_file=
lt_cv_ld_exported_symbols_list=yes
lt_cv_ld_force_load=yes
lt_cv_ld_reload_flag=-r
lt_cv_nm_interface='BSD nm'
lt_cv_objdir=.libs
lt_cv_path_LD=/Library/Developer/CommandLineTools/usr/bin/ld
lt_cv_path_LDCXX=/Library/Developer/CommandLineTools/usr/bin/ld
lt_cv_path_NM='/usr/bin/nm -B'
lt_cv_path_mainfest_tool=no
lt_cv_prog_compiler_c_o=yes
lt_cv_prog_compiler_c_o_CXX=yes
lt_cv_prog_compiler_pic='-fno-common -DPIC'
lt_cv_prog_compiler_pic_CXX='-fno-common -DPIC'
lt_cv_prog_compiler_pic_works=yes
lt_cv_prog_compiler_pic_works_CXX=yes
lt_cv_prog_compiler_rtti_exceptions=yes
lt_cv_prog_compiler_static_works=no
lt_cv_prog_compiler_static_works_CXX=no
lt_cv_prog_gnu_ld=no
lt_cv_prog_gnu_ldcxx=no
lt_cv_sharedlib_from_linklib_cmd='printf %s\n'
lt_cv_sys_global_symbol_pipe='/usr/bin/sed -n -e '\''s/^.*[	 ]\([ABCDGIRSTW][ABCDGIRSTW]*\)[	 ][	 ]*_\([_A-Za-z][_A-Za-z0-9]*\)$/\1 _\2 \2/p'\'' | /usr/bin/sed '\''/ __gnu_lto/d'\'''
lt_cv_sys_global_symbol_to_c_name_address='/usr/bin/sed -n -e '\''s/^: \(.*\) .*$/  {"\1", (void *) 0},/p'\'' -e '\''s/^[ABCDGIRSTW][ABCDGIRSTW]* .* \(.*\)$/  {"\1", (void *) \&\1},/p'\'''
lt_cv_sys_global_symbol_to_c_name_address_lib_prefix='/usr/bin/sed -n -e '\''s/^: \(.*\) .*$/  {"\1", (void *) 0},/p'\'' -e '\''s/^[ABCDGIRSTW][ABCDGIRSTW]* .* \(lib.*\)$/  {"\1", (void *) \&\1},/p'\'' -e '\''s/^[ABCDGIRSTW][ABCDGIRSTW]* .* \(.*\)$/  {"lib\1", (void *) \&\1},/p'\'''
lt_cv_sys_global_symbol_to_cdecl='/usr/bin/sed -n -e '\''s/^T .* \(.*\)$/extern int \1();/p'\'' -e '\''s/^[ABCDGIRSTW][ABCDGIRSTW]* .* \(.*\)$/extern char \1;/p'\'''
lt_cv_sys_global_symbol_to_import=
lt_cv_sys_max_cmd_len=786432
lt_cv_to_host_file_cmd=func_convert_file_noop
lt_cv_to_tool_file_cmd=func_convert_file_noop
lt_cv_truncate_bin='/bin/dd bs=4096 count=1'

## ----------------- ##
## Output variables. ##
## ----------------- ##

ACLOCAL='${SHELL} '\''/Users/sethtrojacek/Desktop/gnu-dap/build-aux/missing'\'' aclocal-1.16'
AMDEPBACKSLASH='\'
AMDEP_FALSE='#'
AMDEP_TRUE=''
AMTAR='$${TAR-tar}'
AM_BACKSLASH='\'
AM_DEFAULT_V='$(AM_DEFAULT_VERBOSITY)'
AM_DEFAULT_VERBOSITY='1'
AM_V='$(V)'
AR='ar'
AUTOCONF='${SHELL} '\''/Users/sethtrojacek/Desktop/gnu-dap/build-aux/missing'\'' autoconf'
AUTOHEADER='${SHELL} '\''/Users/sethtrojacek/Desktop/gnu-dap/build-aux/missing'\'' autoheader'
AUTOMAKE='${SHELL} '\''/Users/sethtrojacek/Desktop/gnu-dap/build-aux/missing'\'' automake-1.16'
AWK='awk'
CC='gcc'
CCDEPMODE='depmode=gcc3'
CFLAGS='-g -O2'
CPPFLAGS=''
CSCOPE='cscope'
CTAGS='ctags'
CXX='g++'
CXXCPP='g++ -E'
CXXDEPMODE='depmode=gcc3'
CXXFLAGS='-g -O2'
CYGPATH_W='echo'
DEFS='-DHAVE_CONFIG_H'
DEPDIR='.deps'
DLLTOOL='false'
DSYMUTIL='dsymutil'
DUMPBIN=''
ECHO_C='\c'
ECHO_N=''
ECHO_T=''
EGREP='/usr/bin/grep -E'
ETAGS='etags'
EXEEXT=''
FGREP='/usr/bin/grep -F'
FILECMD='file'
GREP='/usr/bin/grep'
INSTALL_DATA='${INSTALL} -m 644'
INSTALL_PROGRAM='${INSTALL}'
INSTALL_SCRIPT='${INSTALL}'
INSTALL_STRIP_PROGRAM='$(install_sh) -c -s'
LD='/Library/Developer/CommandLineTools/usr/bin/ld'
LDFLAGS=''
LIBOBJS=''
LIBS=''
LIBTOOL='$(SHELL) $(top_builddir)/libtool'
LIPO='lipo'
LN_S='ln -s'
LTLIBOBJS=''
LT_SYS_LIBRARY_PATH=''
MAKEINFO='${SHELL} '\''/Users/sethtrojacek/Desktop/gnu-dap/build-aux/missing'\'' makeinfo'
MANIFEST_TOOL=':'
MKDIR_P='/opt/homebrew/bin/gmkdir -p'
NM='/usr/bin/nm -B'
NMEDIT='nmedit'
OBJDUMP='objdump'
OBJEXT='o'
OTOOL64=':'
OTOOL='otool'
PACKAGE='dap'
PACKAGE_BUGREPORT='bug-dap@gnu.org'
PACKAGE_NAME='GNU dap'
PACKAGE_STRING='GNU dap 3.10'
PACKAGE_TARNAME='dap'
PACKAGE_URL='https://www.gnu.org/software/dap/'
PACKAGE_VERSION='3.10'
PATH_SEPARATOR=':'
RANLIB='ranlib'
SED='/usr/bin/sed'
SET_MAKE=''
SHELL='/bin/sh'
STRIP='strip'
VERSION='3.10'
ac_ct_AR='ar'
ac_ct_CC='gcc'
ac_ct_CXX='g++'
ac_ct_DUMPBIN=''
am__EXEEXT_FALSE=''
am__EXEEXT_TRUE='#'
am__fastdepCC_FALSE='#'
am__fastdepCC_TRUE=''
am__fastdepCXX_FALSE='#'
am__fastdepCXX_TRUE=''
am__include='include'
am__isrc=''
am__leading_dot='.'
am__nodep='_no'
am__quote=''
am__tar='$${TAR-tar} chof - "$$tardir"'
am__untar='$${TAR-tar} xf -'
bindir='${exec_prefix}/bin'
build='aarch64-apple-darwin22.4.0'
build_alias=''
build_cpu='aarch64'
build_os='darwin22.4.0'
build_vendor='apple'
datadir='${datarootdir}'
datarootdir='${prefix}/share'
docdir='${datarootdir}/doc/${PACKAGE_TARNAME}'
dvidir='${docdir}'
exec_prefix='${prefix}'
host='aarch64-apple-darwin22.4.0'
host_alias=''
host_cpu='aarch64'
host_os='darwin22.4.0'
host_vendor='apple'
htmldir='${docdir}'
includedir='${prefix}/include'
infodir='${datarootdir}/info'
install_sh='${SHELL} /Users/sethtrojacek/Desktop/gnu-dap/build-aux/install-sh'
libdir='${exec_prefix}/lib'
libexecdir='${exec_prefix}/libexec'
localedir='${datarootdir}/locale'
localstatedir='${prefix}/var'
mandir='${datarootdir}/man'
mkdir_p='$(MKDIR_P)'
oldincludedir='/usr/include'
pdfdir='${docdir}'
prefix='/usr/local'
program_transform_name='s,x,x,'
psdir='${docdir}'
runstatedir='${localstatedir}/run'
sbindir='${exec_prefix}/sbin'
sharedstatedir='${prefix}/com'
sysconfdir='${prefix}/etc'
target_alias=''

## ----------- ##
## confdefs.h. ##
## ----------- ##

/* confdefs.h */
#define PACKAGE_NAME "GNU dap"
#define PACKAGE_TARNAME "dap"
#define PACKAGE_VERSION "3.10"
#define PACKAGE_STRING "GNU dap 3.10"
#define PACKAGE_BUGREPORT "bug-dap@gnu.org"
#define PACKAGE_URL "https://www.gnu.org/software/dap/"
#define PACKAGE "dap"
#define VERSION "3.10"
#define HAVE_STDIO_H 1
#define HAVE_STDLIB_H 1
#define HAVE_STRING_H 1
#define HAVE_INTTYPES_H 1
#define HAVE_STDINT_H 1
#define HAVE_STRINGS_H 1
#define HAVE_SYS_STAT_H 1
#define HAVE_SYS_TYPES_H 1
#define HAVE_UNISTD_H 1
#define STDC_HEADERS 1
#define HAVE_DLFCN_H 1
#define LT_OBJDIR ".libs/"
#define HAVE_SYS_WAIT_H 1
#define HAVE_FCNTL_H 1
#define HAVE_STRINGS_H 1
#define HAVE_UNISTD_H 1
#define HAVE_MKDIR 1
#define HAVE_FLOOR 1
#define HAVE_RINT 1
#define HAVE_SQRT 1
#define HAVE_POW 1
#define HAVE_FORK 1
#define HAVE_VFORK 1
#define HAVE_WORKING_VFORK 1
#define HAVE_WORKING_FORK 1
#define HAVE_MALLOC 1

configure: exit 0

## ---------------------- ##
## Running config.status. ##
## ---------------------- ##

This file was extended by GNU dap config.status 3.10, which was
generated by GNU Autoconf 2.71.  Invocation command line was

  CONFIG_FILES    = 
  CONFIG_HEADERS  = 
  CONFIG_LINKS    = 
  CONFIG_COMMANDS = 
  $ ./config.status config.h

on Seths-iMac.local

config.status:1159: creating config.h
config.status:1340: config.h is unchanged
